<component name="libraryTable">
  <library name="junit-4.12">
    <CLASSES>
      <root url="jar://D:/repository3.5.3/ch/qos/logback/logback-classic/1.2.3/logback-classic-1.2.3.jar!/" />
    </CLASSES>
    <JAVADOC>
      <root url="jar://D:/repository3.5.3/ch/qos/logback/logback-classic/1.2.3/logback-classic-1.2.3-javadoc.jar!/" />
    </JAVADOC>
    <SOURCES>
      <root url="jar://D:/repository3.5.3/ch/qos/logback/logback-classic/1.2.3/logback-classic-1.2.3-sources.jar!/" />
    </SOURCES>
  </library>
</component>